kingdom_lakhnauti,1
kingdom_lakhnauti,1
maratha_empire,1
multan_emirate,1
mysore_kingdom,1
pala_empire,1
paramara_dynasty,1
rajput_dynasty_medieval,1
rohilkhand_state,1
sikh_empire,1
sindh_kingdom,1
thanjavur_maratha_kingdom,1
varendra_kingdom,1
western_ganga_dynasty,1
yadava_dynasty,1
ahmadnagar_sultanate,1
bahmani_sultanate,1
bengal_sultanate,1
bijapur_sultanate,1
cannanore_kingdom,1
delhi_sultanate,1
golkonda_sultanate,1
gujarat_sultanate,1
jaunpur_sultanate,1
kasmir_sultanate,1
khandesh_sultanate,1
madurai_sultanate,1
malwa_sultanate,1
sind_sultanate,1
sonargaon_sultanate,1
sur_empire,1
inde_moghol,1
inde_moghol,2
inde_moghol,3
aceh_sultanate,1
banten_sultanate,1
batubara_sultanate,1
demak_sultanate,1
gowa_sultanate,1
irian_jaya,1
jambi_sultanate,1
java_island,1
heshun_confederation,1
maluka_state,1
jambi_kingdom,1
palembang_sultanate,1
pontianak_sultanate,1
riau,1
samudra_pasai_sultanate,1
siak_sultanate,1
pre_islamic_kingdoms,1
sumenep_sultanate,1
netherland_east_indies,1
indonesie,1
iran,1
iran,2
iran,3
iran,4
iran,5
eastern_provinces,1
gilan_province,1
hotak_dynasty,1
iranian_azerbaijan,1
amid_city,1
ardabil_city,1
ashraf_city,1
astarabad_city,1
baghdad_city,1
bandar_city,1
bihbihan_city,1
bistam_city,1
borujerd_city,1
bu_shahr_city,1
dawlatabad_city,1
daylam_city,1
dezful_city,1
fuman_city,1
hamadan_city,1
hurramabad_city,1
iran_city,1
isfahan_city,1
jafarabad_city,1
jahrom_city,1
kangan_city,1
kashan_city,1
khuy_city,1
kirman_city,1
kirmanshahan_city,1
lahijan_city,1
langah_city,1
lar_city,1
marageheh_city,1
mardin_city,1
mashhad_city,1
nihawand_city,1
paswa_city,1
qazwin_city,1
qumm_city,1
rasht_city,1
sabujbulagh_city,1
sabzawar_city,1
sari_city,1
shaikh_murshid_city,1
shiraz_city,1
shushtar_city,1
sultanabad_city,1
tabaristan_city,1
tabriz_city,1
tehran_city,1
uncertain_iranian_city,1
urdu_camp,1
urumi_city,1
yazd_city,1
zanjan_city,1
khoy_khanate,1
northern_provinces,1
baghdad_eyalet,1
basra_eyalet,1
irak,1
mosul_eyalet,1
irlande,1
abbasid_caliphate,1
abbasid_bukhara,1
abbasid_eastern_sistan,1
abbasid_khwarazm,1
abbasid_tabaristan,1
al_ray_city,1
zanj_rebellion,1
zaydi_rebellion,1
aghlabid_emirate,1
jund_rebellions,1
ikhshidid_dynasty,1
algeciras_taifa,1
almeria_taifa,1
al_andalus_almohads,1
lorca_taifa,1
algarve_taifa,1
seville_city,1
badajoz_region,1
badja_silves_regions,1
badja_city,1
baeza_city,1
banu_ghaniya,1
cordoba_city,1
martula_city,1
murcia_taifa,1
uncertain_almoravid_taifa,1
alpuente_taifa,1
badajoz_taifa,1
ceuta_city,1
ceuta_taifa,1
cordoba_emirate,1
cordoba_taifa,1
denia_taifa,1
nasrid_dynasty,1
granada_taifa,1
majorca_taifa,1
malaga_taifa,1
segura_city,1
seville_taifa,1
toledo_taifa,1
tortosa_taifa,1
tudela_taifa,1
uncertain_iberian_taifa,1
valencia_taifa,1
calatayud_taifa,1
lerida_taifa,1
zaragoza_taifa,1
almohad_caliphate,1
almoravid_dynasty,1
sijilmasa_city,1
alaiye_beylik,1
amid_inalids,1
aydin_beylik,1
burhandid_dynasty,1
danishmendid_dynasty,1
kayseri_danishmendids,1
malatya_danishmendids,1
sivas_danishmendids,1
dulkadir_beylik,1
eretna_beylik,1
eshref_beylik,1
germiyanids_dynasty,1
hamid_beylik,1
isfendiyarid_dynasty,1
karaman_beylik,1
karasi_beylik,1
ladik_beylik,1
divirgi_mengujeks,1
erzincan_mengujek,1
kegonia_mengujeks,1
menteshe_beylik,1
saltukid_dynasty,1
saruhan_beylike,1
teke_beylik,1
uncertain_beylik,1
adan_manids,1
banu_mismar_dynasty,1
julandid_dynasty,1
khawlanid_dynasty,1
mahdid_dynasty,1
najahid_dynasty,1
rassid_dynasty,1
al_mahjam_city,1
dhofar_region,1
rasulid_dynasty,1
sana_city,1
sulayhid_dynasty,1
tahirid_dynasty_yemen,1
tarfid_dynasty,1
wajihid_dynasty,1
yufirid_dynasty,1
ziyadid_dynasty,1
zurayid_dynasty,1
arghun_dynasty,1
tarkhann_dynasty,1
uncertain_artuqid_city,1
halab_artuqids,1
hisn_kayfa_artuqids,1
khartabirt_artuqids,1
artuqid_dynasty,1
aleppo_emirate_ayyubid,1
damascus_emirate_ayyubid,1
diyar_bakr_emirate,1
ayyubids_egypt,1
hamah_emirate,1
hisn_kayfa_emirate,1
bentimurid_dynasty,1
amul_ruyan_cities,1
fars_buyids,1
hamadan_buyids,1
imranid_dynasty,1
iraq_buyids,1
jibal_buyids,1
kerman_buyids,1
khuzistan_buyids,1
tawwaj_city,1
uman_buyids,1
ahdabid_dynasty,1
aq_sunqurid_dynasty,1
darband_emirate,1
dvin_city,1
hashminid_dynasty,1
rawwadid_dynasty,1
sajid_dynasty,1
ani_emirate,1
dvin_shaddadids,1
ganja_shaddadids,1
shirvanshah_dynasty,1
southern_armenia_shaybanids,1
kilwa_sultanate,1
madagascar_islamic,1
alexandria_city,1
fatimid_caliphate,1
qayrawan_city,1
sicily_emirate,1
bost_city,1
farighunid_dynasty,1
ghaznavid_dynasty,1
juzjan_ghaznavids,1
khorasan_ghaznavids,1
sijistan_ghaznavids,1
western_khorasan_ghaznavids,1
ghurid_bamiyan,1
ghurid_dynasty,1
afrasiyab_dynasty,1
ahlat_emirate,1
nizari_dynasty_assassins,1
hawsam_zaydi_imams,1
husaynid_dynasty,1
qazwin_alids,1
tabaristan_alids,1
annazid_dynasty,1
al_hisn_city,1
aq_qoyunlu,1
azerbaijan_riaq_aq_qoyunlu,1
diyarbakir_aq_qoyunlu,1
fars_iraq_ajam_aq_qoyunlu,1
balk_emirate,1
bavand_dynasty,1
begteginid_dynasty,1
borujerd_emirate,1
bost_emirate,1
dabuyid_dynasty,1
fars_atabegs,1
firuzanid_dynasty,1
harthamid_dynasty,1
hasanwayhid_dynasty,1
hazara_qarluqs,1
hazaraspid_dynasty,1
ildegizid_dynasty,1
uncertain_ildegizid_vassal,1
ilyasid_dynasty,1
injuid_dynasty,1
justanid_dynasty,1
kakwayhid_dynasty,1
kangarid_dynastie,1
kart_dynasty,1
khujistanid_dynasty,1
khuzestan_atabegs,1
marashid_dynasty,1
mihrabanid_dynasty,1
mushasha_dynasty,1
muzaffarid_dynasty,1
sirjan_city,1
nishapur_emirate,1
pishkinid_dynasty,1
qutlugh_khanid_dynasty,1
ruyan_ustundars,1
saffarid_dynasty,1
shiraz_viceroyalty,1
sijistan_later_saffarids,1
sallarid_dynasty,1
sarbedaran_dynasty,1
shabankara_atabegs,1
sulukid_dynasty,1
tabriz_emirate,1
tahirid_dynasty,1
wakhsh_emirate,1
yadz_atabegs,1
yun_emirate,1
gilan_emirate,1
jibal_ziyarids,1
tabaristan_ziyarids,1
al_jazira_hamdanids,1
aleppo_hamadanids,1
hamdanid_dynasty,1
jand_maliks,1
jarrahid_dynasty,1
kath_afrighids,1
kath_city,1
khwarezmian_empire,1
mamunid_dynasty,1
adharbayjan_kurds,1
bitlis_emirate,1
bukhti_emirate,1
hadhabani_kurds,1
hakkari_emirate,1
marwanid_dynasty,1
luluid_dynasty_section,1
mamluk_sultanate,1
syria_region,1
mirdasid_dynasty,1
banu_hilal_dynasty,1
banu_ifran_dynasty,1
fes_emirate,1
hafsid_dynasty,1
basra_city,1
idrisid_dynasty,1
kharijites_dynasty,1
mutazilite_dynasty,1
tilimsan_emirate,1
uncertain_idrisid_city,1
warzigha_city,1
wazzequr_city,1
sijilmasa_khazrunids,1
tarabulus_khazrunids,1
marinid_dynasty,1
marrakesh_marinids,1
midrarid_dynasty,1
zirid_dynasty,1
riyahid_dynasty,1
rustamid_dynasty,1
sulaymanid_dynasty,1
wadi_lau_hammudids,1
wattasid_dynasty,1
western_sicily,1
zayyanid_dynasty,1
numayrid_emirate,1
qalhati_emirate,1
adilcevaz_city,1
erzincan_city,1
iraq_qara_qoyunlu,1
qara_qoyunlu,1
united_qarakhanid_khaganate,1
western_qarakhanid_khaganate,1
eastern_qarakhanid_khaganate,1
al_sughd_qarakhanids,1
balkh_qarakhanids,1
banakath_qarakhanids,1
chaghaniyan_qarakhanids,1
ilaq_qarakhanids,1
ishtikhan_qarakhanids,1
karmina_qarakhanids,1
kasan_qarakhanids,1
kashgar_qarakhanids,1
kharashkath_qarakhanids,1
marghinan_qarakhanids,1
parab_qarakhanids,1
taliqan_qarakhanids,1
tirmidh_qarakhanids,1
uncertain_qarakhanid_apanage,1
uzkand_qarakhanids,1
qarlughid_dynasty,1
greater_syria_qarmatids,1
mekka_city,1
uman_qarmatids,1
rashidun_caliphate,1
akhsikath_samanids,1
andaraba_banjhir_regions,1
banijurid_dynasty,1
farwan_emirate,1
khujand_city,1
khuttal_emirate,1
mattid_dynasty,1
muhtajid_dynasty,1
samanid_dynasty,1
andaraba_city,1
nishapur_city,1
yahya_rebellion,1
simjurid_dynasty,1
usrushana_afshins,1
arran_atabegs,1
borujerd_atabegs,1
damascus_emirate,1
burid_dynasty,1
central_khorasan_seljuqs,1
eastern_khorasan_seljuqs,1
great_seljuq,1
khorasan_seljuqs,1
hamadan_sultanate,1
hamadan_seljuqs,1
kerman_sultanate,1
ankara_city,1
eastern_provinces_rum,1
erzurum_city,1
konya_city,1
malayta_city,1
seljuq_dynasty,1
sivas_aksaray_cities,1
sivas_city,1
tokat_city,1
uncertain_rum_mint,1
western_provinces_rum,1
syria_seljuq,1
habbari_dynasty,1
cilicia_region,1
filastin_region,1
tulunid_dynasty,1
tanukh_tribes,1
umayyad_caliphate,1
umayyad_caliphate,2
abu_muslim_partisans,1
baward_city,1
al_kufa_city,1
tanbarak_city,1
uncertain_kharijite_rebels,1
mawsil_city,1
muawiya_partisans,1
sijistan_umayyads,1
aleppo_city,1
balad_uqaylids,1
banu_uqaylid_dynasty,1
barqaid_uqaylids,1
mawsil_uqaylids,1
nasibin_uqaylids,1
sinjar_uqaylids,1
takrit_uqaylids,1
ukbara_uqaylids,1
uncertain_uqaylid_region,1
volga_bulgaria,1
aleppo_zengids,1
jazira_zengids,1
mosul_zengids,1
shahrazur_zengids,1
sinjar_emirate,1
uncertain_zengid_mint,1
palestine,1
israel,1
acqui_bishopric,1
acqui_city,1
alessandria_comune,1
ancona_city,1
aquileia,1
arborea_judicate,1
arezzo,1
arquata_marquisate,1
ascoli,1
asti,1
belgioioso,1
belmonte,1
benevello_county,1
benevento,1
bergamo_city,1
bologna_republic,1
borgotaro,1
bozzolo,1
brescia,1
camerino_republic,1
campi_principality,1
campobasso_county,1
cortemilia_lordship,1
castelgenovese,1
castiglione_delle_stiviere,1
castro,1
ceva_marquisate,1
chiusi_republic,1
cisalpine_republica,1
cisterna_principality,1
cocconato_county,1
como,1
compiano_principality,1
correggio,1
crema,1
cremona_city,1
desana,1
fermo_city,1
ferrara,1
firenze,1
fosdinovo,1
frinco_lordship,1
friuli_venezia_giulia,1
fruttuaria_abbey,1
gazoldo_marquisate,1
genoa,1
genoa,2
ligurian_republic,1
gorizia_county,1
guastalla,1
incisa_marquisate,1
italy_kingdom,1
kingdom_of_italy,1
ivrea_city,1
loano_county,1
lombardy_venetia,1
lombardy,1
lucca,1
maccagno,1
macerata,1
mantua,1
massa_carrara,1
massa_republic,1
messerano,1
milan,1
milan,2
mirandola,1
modena,1
casale,1
musso_marquisate,1
naples_duchy,1
naples,1
novara_city,1
val_ossola_county,1
padova_lordship,1
papal_states,1
papal_states,2
papal_states,3
papal_states,4
papal_states,5
parma,1
parma_city,1
pavia,1
perugia,1
pesaro_city,1
piacenza,1
piedmont_sardinia_section,1
piedmont_county,1
piedmont,1
principality_of_piombino,1
pisa,1
ponzone_marquisate,1
porcia,1
ravenna_archbishopric,1
ravenne_italy,1
recanati_republic,1
retegno,1
rimini_city,1
roman_republic,1
roman_sister_republic,1
ronco_county,1
sabbioneta_duchy,1
salerno_principality,1
carmagnola,1
sangiorgio_polistena_marquisat,1
santa_fiora_county,1
sardinia,1
savona_lordship,1
savoy,1
sicily,1
siena_republic,1
spoleto,1
state_of_the_presidi,1
tassarolo,1
torriglia_lordship,1
trento,1
tresana_marquisate,1
treviso_city,1
trieste_city,1
tuscany,1
two_sicilies,1
united_provinces_of_central_italy,1
urbino,1
venice,1
venice,2
venice,3
vergagni_lordship,1
verona_city,1
vicenza_city,1
iglesias_city,1
volterra_bishopric,1
italie,1
jamaique,1
japon,1
japon,2
fukuoka_domain,1
kaga_domain,1
kai_province,1
kubota_domain,1
mimasaka_province,1
mito_domain,1
morioka_domain,1
mutsu_province,1
nagasaki,1
sendai_domain,1
tajima_province,1
tosa_domain,1
yonezawa_domain,1
ryukyu,1
jordanie,1
kazakhstan,1
kenya,1
mombasa,1
kiribati,1
goryeo,1
joseon,1
joseon,2
korea,1
koweit,1
kievan_rus,1
tmutarakan_principality,1
kirghizistan,1
lan_xang,1
laos,1
luang_prabang,1
vientiane,1
lettonie,1
liban,1
lesotho,1
liberia,1
libye,1
tripoli_regency,1
liechtenstein,1
lituanie,1
lithuania_grand_duchy,1
courland,1
duchy_of_livonia,1
swedish_livonia,1
riga_city_swedish,1
courland_bishopric,1
bishopric_of_dorpat,1
livonia_and_riga_monetary_union,1
livonian_confederation,1
archbishopric_of_riga,1
free_city_of_riga,1
luxembourg,1
echternach_abbey,1
madagascar,1
malawi,1
malaya_borneo,1
borneo,1
sarawak,1
straits,1
johor_sultanate,1
kedah_sultanate,1
kelantan_sultanate,1
malacca_sultanate,1
pahang_sultanate,1
patani_sultanate,1
trengganu_sultanate,1
malaya,1
malaisie,1
malacca_portuguese,1
maldives,1
mali_period,1
malte,1
malte,2
peninsule_malaise,1
mauritanie,1
maurice,1
aguascalientes_revolution,1
chihuahua_revolution,1
durango_revolution,1
guanajuato_mexican_state,1
chilpancingo_notgeld,1
guerrero_revolution,1
guadalajara_notgeld,1
jalisco_revolution,1
estado_mexico_revolution,1
toluca_notgeld,1
uruapan_notgeld,1
valladolid_notgeld,1
zamora_notgeld,1
morelos_revolution,1
nueva_galicia_province,1
nueva_viscaya_province,1
oaxaca_revolution,1
puebla_revolution,1
catorce_notgeld,1
san_luis_potosi_mexican_state,1
sinaloa_revolution,1
sonora,1
texas_province_notgeld,1
veracruz_ignacio_llave_mexican_state,1
sombrerete_notgeld,1
zacatecas_mexican_state,1
mexique,1
mexique,2
moldavia_duchy,1
moldavie_valachie,1
wallachia,1
moldavie,1
monaco,1
astarabad_amirs,1
badakhshan_shahs,1
chagatai_khanate,1
ghazna_chagatai,1
khorasan_chagatai,1
moghulistan,1
samarqand_bukhara_tirmidh,1
sijistan_chagatai,1
yarkand_khanate,1
chupanid_dynasty,1
crimea_ulus,1
golden_horde,1
golden_horde,2
golden_horde,3
kazan_khanate,1
saqchi_khanate,1
sufid_dynasty,1
white_horde,1
great_mongol,1
karakorum_region,1
georgia_viceroyalty,1
ilkhanate,1
ilkhanate_chupanid,1
ilkhanate_jalayirid,1
khorasan_ilkhanates,1
yasawar_rebellion,1
jalairid_sultanate,1
qazwin_jalayirids,1
sutayid_dynasty,1
taghaytimurid_dynasty,1
timurid_empire,1
mongolie,1
antivari_city,1
kotor_city,1
svac_city,1
dulcigno_city,1
zeta_principality,1
montenegro,1
afshi_city,1
marrakesh_city,1
saadi_dynasty_fez,1
saadi_dynasty,1
maroc,1
maroc,2
maroc,3
mozambique,1
tenasserim-pegu,1
namibia_period,1
licchavi_kingdom,1
bhaktapur_kingdom,1
dolakha_kingdom,1
kathmandu_kingdom,1
malla_dynasty,1
patan_kingdom,1
nepal,1
nepal,2
nepal_medieval,1
aruba,1
curacao,1
antilles_neerlandaises,1
netherlands-west-indies,1
sint_marteen,1
arnhem_dutch_republic,1
deventer_city,1
elburg_city,1
friesland_dutch_republic,1
gelderland_dutch_republic,1
gorinchem_city,1
groningen_dutch_republic,1
groningen_city,1
holland_dutch_republic,1
huissen_city,1
kampen_city,1
nijmegen,1
overijssel_dutch_republic,1
utrecht_city,1
utrecht_dutch_republic,1
westfriesland_dutch_republic,1
zaltbommel_dutch_republic,1
zeeland_dutch_republic,1
zwolle_city,1
anholt_lordship,1
baar_barony,1
batenburg_barony,1
bergh_lordship,1
bolsward_city,1
culemborg_county,1
deventer_kampen_zwolle_cities,1
dokkum_city,1
elsloo_lordship,1
fryslan,1
groningen,1
gronsveld_lordship,1
guelders,1
hamaland_county,1
holland_county,1
horne_county,1
kuinre_lordship,1
leeuwarden_city,1
leiden_dutch_republic,1
limbricht_lordship,1
megen_lordship,1
nijmegen_city,1
overijssel_lordship,1
roermond_city,1
sneek_city,1
stevensweert_lordship,1
utrecht_prince_bishopric,1
utrecht_lordship,1
valkenburg_lordship,1
vianen_lordship,1
zeeland_county,1
zutphen_city,1
pays-bas,1
nouvelle-zelande,1
nicaragua,1
el_viejo_nicaragua_notgeld,1
granada_nicaragua_notgeld,1
biafra,1
nigeria,1
coree_du_nord,1
macedoine,1
prilep_lordship,1
archbishopric_nidaros,1
norvege,1
norvege,2
norvege,3
norvege,4
oberost,1
dhofar_governorate,1
muscat_and_oman,1
oman,1
ottoman,1
ottoman,2
ottoman,3
pakistan,1
panama,1
german-new-guinea,1
nouvelle_guinee,1
papouasie-nouvelle-guinee,1
paraguay,1
paraguay_western_dept,1
peru_north,1
perou,1
perou,2
peru_south,1
philippines,1
poland_kingdom,1
austrian_partition,1
dantzig,1
driesen_city,1
drossen_city,1
east_pomerania_duchy,1
elbing_city,1
greater_poland_duchy,1
jawor_swidnica_duchy,1
jedrzejow_abbey,1
krakow_bishopric,1
krakow_duchy,1
krakow_freecity,1
kujavia_pomerania_bishopric,1
kuyavia_duchy,1
masovia_duchy,1
namyslow_duchy,1
russian_partition,1
posen_grand_duchy,1
sandomierz_duchy,1
torun_city,1
toszek_duchy,1
wachock_abbey,1
poland_duchies,1
pologne-lituanie,1
pologne-lituanie,2
pologne-lituanie,3
pologne-lituanie,4
acores,1
madere,1
portugal,1
portugal,2
portugal,3
portugal,4
portugal,5
qatar,1
qatar-et-dubai,1
rhodesie_et_nyassaland,1
roumanie,1
dmitrov_principality,1
gorodets_principality,1
kashin_principality,1
kiev_principality,1
mikoulino_principality,1
grand_principality_of_moscow,1
grand_principality_of_moscow,2
mozhaysk_principality,1
grpr_nizhny_novgorod_suzdal,1
novgorod_republic,1
pronsk_principality,1
pskov_republic,1
rostov_principality,1
grand_principality_of_ryazan,1
serpukhov_borovsk_principality,1
starodub_principality,1
torzhok_city,1
tver_grand_principality,1
uglich_principality,1
vereya_principality,1
yaroslavl_principality,1
zvenygorod_principality,1
livonia-and-estonia,1
russia-empire,1
russia-empire,2
russia-empire,3
russia-empire,4
russia-empire,5
russia-empire,6
russia-empire,7
rsfsr,1
russie,1
ancienne_urss,1
armavir_city,1
siberia,1
tannu-tuva,1
taurida_governorate,1
rwanda,1
samoa,1
saint-marin,1
sao_tome-et-principe,1
bani_khalid_emirate,1
hedjaz,1
mecca_sharifate,1
hejaz-and-nejd,1
saudi-arabia-period,1
serbie,1
brancovic_district,1
dejanovic_domain,1
serbia_kingdom,1
serbia_empire,1
seychelles,1
sierra_leone,1
singapour,1
slovaquie,1
slovenie,1
iles_salomon,1
somalie_italienne,1
mogadishu_sultanate,1
somalie,1
afrique_du_sud,1
afrique_du_sud,2
south_african_republic,1
coree_du_sud,1
sud_soudan,1
espagne,1
espagne,2
espagne,3
espagne,4
aragon,1
ausona_county,1
barcelona_county,1
besalu_county,1
canary_islands,1
castile_and_leon,1
castile_and_leon,2
castile_kingdom,1
catalonia_principality,1
catalonia_principality,2
empuries_county,1
girona_county,1
leon_kingdom,1
majorca,1
majorca,2
navarre_spain,1
navarre,1
pallars_sobira_county,1
pamplona_and_aragon,1
urgell_county,1
valencia,1
dambadeniya_kingdom,1
jaffna_kingdom,1
kandy_kingdom,1
kotte_kingdom,1
polonnaruwa_kingdom,1
ceylon_period,1
sri_lanka_period,1
darfur,1
soudan,1
sulu,1
suriname,1
gotland,1
ostergotland,1
sodermanland,1
suede,1
suede,2
suede,3
suede,4
suede,5
suede,6
suede,7
aargau,1
laufenburg_habsburg_mint,1
laufenburg_city,1
zofingen_city,1
appenzell,1
appenzell_innerrhoden_canton,1
basel_bishopric,1
basel,1
basel_city,1
franquemont_barony,1
bern,1
bern_city,1
burgdorf_wangen_comital_mint,1
fribourg,1
fribourg_city,1
gruyeres_county,1
sarine_et_broye_canton,1
geneva_bishopric,1
geneva_canton,1
geneva,1
geneva_county,1
glarus,1
glarus_city,1
chur_bishopric,1
chur_city,1
disentis_abbey,1
graubunden,1
haldenstein_city,1
league_of_gods_house,1
val_mesolcina_lordship,1
reichenau,1
tarasp_lordship,1
beromunster_abbey,1
lucerne,1
lucerne_city,1
neuchatel_county,1
neuchatel,1
neuchatel_principality,1
uri_and_nidwalden,1
uri_schwyz_unterwalden,1
schaffhausen,1
schaffhausen_city,1
stein_am_rhein_abbey,1
einsiedeln_abbey,1
schwyz,1
schwyz_city,1
solothurn,1
solothurn_city,1
saint_gallen_abbey,1
saint_gallen,1
saint_gallen_city,1
toggenburg_county,1
diessenhofen_city,1
thurgau,1
ticino,1
unterwalden,1
obwalden_canton,1
obwalden_republic,1
uri_canton,1
uri,1
sitten,1
valais_republic,1
lausanne_bishopric,1
vaud_barony,1
vaud,1
zug,1
zug_canton,1
fraumunster_abbey,1
zurich_zahringer,1
zurich_canton,1
zurich,1
helvetic_republic,1
suisse,1
aleppo_eyalet,1
damascus_eyalet,1
syrie,1
tadjikistan,1
tanzanie,1
zanzibar,1
tashir_dzoraget,1
thailande,1
portuguese_timor_period,1
timor_oriental_period,1
togo,1
tonga,1
trinite-et-tobago,1
tunisie,1
tunisie,2
turquie,1
turkmenistan,1
tuvalu,1
ouganda,1
ukraine,1
emirats_arabes_unis,1
bermudes,1
iles_caimanes,1
iles_malouines,1
gibraltar,1
sainte-helene,1
sainte-helene_ascension,1
iles_turques-et-caiques,1
england,1
england,2
england,3
england,4
england,5
scotland,1
scotland,2
scotland,3
royaume-uni,1
royaume-uni,2
hawaii,1
porto-rico,1
etats-unis,1
california_gold,1
colorado_gold,1
connecticut,1
georgia_gold,1
maryland,1
massachusetts,1
new_york,1
north_carolina_gold,1
utah_gold,1
vermont,1
virginia,1
danish_west_indies_period,1
uruguay,1
ouzbekistan,1
new_hebrides_period,1
vanuatu_period,1
ancona_papal_state,1
ascoli_papal_state,1
bologna_papal_state,1
camerino_papal_state,1
civitavecchia_papal_state,1
fano_papal_state,1
fermo_papal_state,1
ferrara_papal_state,1
foligno_papal_state,1
gubbio_papal_state,1
l_aquila_papal_state,1
macerata_papal_state,1
matelica_papal_state,1
modena_papal_states,1
montalto_papal_state,1
parma_papal_state,1
perugia_papal_state,1
pesaro_papal_state,1
piacenza_papal_state,1
ravenna_papal_state,1
san_severino_papal_state,1
spoleto_papal_state,1
terni_papal_state,1
tivoli_papal_state,1
viterbo_papal_state,1
vatican,1
venezuela,1
caracas,1
guayana_province,1
maracaibo,1
margarita,1
tachira,1
cochinchine,1
north_vietnam,1
south-vietnam,1
tonkin,1
viet_nam,1
cao_bang_province,1
dang_ngoai,1
dang_trong,1
cam_giang_vuong_rebellion,1
le_nga_rebellion,1
le_van_khoi_rebellion,1
loc_binh_vuong_rebellion,1
mac_rebels,1
ninh_xa_rebellion,1
nong_van_van_rebellion,1
su_thien_thanh_rebellion,1
tran_cao_rebellion,1
tran_tuan_rebellion,1
vietnam-empire,1
vietnam-empire,2
hevelii_tribe,1
kopanica_duchy,1
bceao,1
yemen_nord,1
arabie_sud,1
yemen,1
yemen_eyalet,1
yemen_sud,1
qasimid_state,1
abu_arish,1
al_zuhra,1
al_ghurfah,1
kathiri_sultanate,1
lahej_sultanate,1
mukalla,1
mukhtara,1
quaiti_sultanate,1
tarim,1
zabid,1
yougoslavie,1
zambie,1
rhodesie_du_sud,1
rhodesie,1
zimbabwe,1
confederacion_argentina,1
buenos_aires,1
cordoba,1
entre_rios,1
la_rioja,1
mendoza,1
santiago_del_estero_province,1
tierra_del_fuego,1
tucuman,1
sambuvaraya_dynasty,1
hyderabad_aurangabad_feudatory,1
hyderabad_kankurti_feudatory,1
valenza,1
massachusetts_colony,1
massachusetts_colony,1
